<?xml version="1.0" encoding="UTF-8"?>
<!-- Generated by org.testng.reporters.JUnitXMLReporter -->
<testsuite hostname="C40FF82NCU" name="Test" tests="3" failures="1" timestamp="12 Dec 2018 05:36:38 GMT" time="14.799" errors="0">
  <testcase name="DTestB1" time="14.725" classname="DD2.DummyTestB"/>
  <testcase name="DTestB2" time="0.059" classname="DD2.DummyTestB"/>
  <testcase name="DTestC1" time="0.001" classname="DD2.DummyTestC">
    <failure type="java.lang.NullPointerException">
      <![CDATA[java.lang.NullPointerException
	at DD2.DummyTestC.DTestC1(DummyTestC.java:25)
... Removed 24 stack frames]]>
    </failure>
  </testcase> <!-- DTestC1 -->
</testsuite> <!-- Test -->
