<?xml version="1.0" encoding="UTF-8"?>
<!-- Generated by org.testng.reporters.JUnitXMLReporter -->
<testsuite hostname="C40FF82NCU" ignored="0" name="Test" tests="6" failures="0" timestamp="03 Dec 2018 09:30:49 GMT" time="11.36" errors="0">
  <testcase name="TestA1" time="0.01" classname="TestNG.TestClassA"/>
  <testcase name="TestA2" time="0.001" classname="TestNG.TestClassA"/>
  <testcase name="TestB1" time="0.001" classname="TestNG.TestClassB"/>
  <testcase name="TestB2" time="0.001" classname="TestNG.TestClassB"/>
  <testcase name="TestC1" time="11.313" classname="TestNG.TestClassC"/>
  <testcase name="TestC2" time="0.002" classname="TestNG.TestClassC"/>
</testsuite> <!-- Test -->
