<?xml version="1.0" encoding="UTF-8"?>
<testng-results skipped="0" failed="0" ignored="0" total="1" passed="1">
  <reporter-output>
  </reporter-output>
  <suite name="Default suite" duration-ms="10623" started-at="2019-01-10T06:38:01Z" finished-at="2019-01-10T06:38:12Z">
    <groups>
    </groups>
    <test name="Default test" duration-ms="10623" started-at="2019-01-10T06:38:01Z" finished-at="2019-01-10T06:38:12Z">
      <class name="TestCases.HomePageTest">
        <test-method status="PASS" signature="setup2()[pri:0, instance:TestCases.HomePageTest@6d8a00e3]" name="setup2" duration-ms="10606" started-at="2019-01-10T12:08:01Z" finished-at="2019-01-10T12:08:12Z">
          <reporter-output>
          </reporter-output>
        </test-method> <!-- setup2 -->
      </class> <!-- TestCases.HomePageTest -->
    </test> <!-- Default test -->
  </suite> <!-- Default suite -->
</testng-results>
