<?xml version="1.0" encoding="UTF-8"?>
<testng-results skipped="0" failed="0" ignored="0" total="1" passed="1">
  <reporter-output>
  </reporter-output>
  <suite name="Default suite" duration-ms="16267" started-at="2019-01-03T07:32:40Z" finished-at="2019-01-03T07:32:57Z">
    <groups>
    </groups>
    <test name="Default test" duration-ms="16267" started-at="2019-01-03T07:32:40Z" finished-at="2019-01-03T07:32:57Z">
      <class name="POMlearn.RsysHomePageTest">
        <test-method status="PASS" signature="testhell()[pri:0, instance:POMlearn.RsysHomePageTest@5ae9a829]" name="testhell" duration-ms="16249" started-at="2019-01-03T13:02:40Z" finished-at="2019-01-03T13:02:57Z">
          <reporter-output>
          </reporter-output>
        </test-method> <!-- testhell -->
      </class> <!-- POMlearn.RsysHomePageTest -->
    </test> <!-- Default test -->
  </suite> <!-- Default suite -->
</testng-results>
