<?xml version="1.0" encoding="UTF-8"?>
<!-- Generated by org.testng.reporters.JUnitXMLReporter -->
<testsuite hostname="C40FF82NCU" name="Default test" tests="7" failures="0" timestamp="10 Dec 2018 13:27:11 GMT" time="13.806" errors="0">
  <testcase name="takeScreenshotWhenFailandPass" time="13.08" classname="SeleniumTC.TestB_Rsystems5"/>
  <testcase name="testdata" time="0.082" classname="SeleniumTC.TestB_Rsystems5"/>
  <testcase name="testdata" time="0.038" classname="SeleniumTC.TestB_Rsystems5"/>
  <testcase name="testdata" time="0.038" classname="SeleniumTC.TestB_Rsystems5"/>
  <testcase name="testdata" time="0.04" classname="SeleniumTC.TestB_Rsystems5"/>
  <testcase name="testdata" time="0.041" classname="SeleniumTC.TestB_Rsystems5"/>
  <testcase name="testdata" time="0.04" classname="SeleniumTC.TestB_Rsystems5"/>
</testsuite> <!-- Default test -->
