<?xml version="1.0" encoding="UTF-8"?>
<!-- Generated by org.testng.reporters.JUnitXMLReporter -->
<testsuite hostname="C40FF82NCU" name="Default test" tests="9" failures="0" timestamp="7 Dec 2018 07:57:34 GMT" time="0.515" errors="0">
  <testcase name="DP" time="0.008" classname="DatDrivenFrame.UseXlsDataDRiven"/>
  <testcase name="DP" time="0.001" classname="DatDrivenFrame.UseXlsDataDRiven"/>
  <testcase name="DP" time="0.001" classname="DatDrivenFrame.UseXlsDataDRiven"/>
  <testcase name="DP" time="0.001" classname="DatDrivenFrame.UseXlsDataDRiven"/>
  <testcase name="DP" time="0.0" classname="DatDrivenFrame.UseXlsDataDRiven"/>
  <testcase name="DP" time="0.001" classname="DatDrivenFrame.UseXlsDataDRiven"/>
  <testcase name="DP" time="0.001" classname="DatDrivenFrame.UseXlsDataDRiven"/>
  <testcase name="DP" time="0.001" classname="DatDrivenFrame.UseXlsDataDRiven"/>
  <testcase name="DP" time="0.001" classname="DatDrivenFrame.UseXlsDataDRiven"/>
</testsuite> <!-- Default test -->
