<?xml version="1.0" encoding="UTF-8"?>
<testng-results skipped="0" failed="1" total="4" passed="3">
  <reporter-output>
  </reporter-output>
  <suite name="Suite" duration-ms="41835" started-at="2018-12-14T07:48:06Z" finished-at="2018-12-14T07:48:48Z">
    <groups>
    </groups>
    <test name="Test" duration-ms="41835" started-at="2018-12-14T07:48:06Z" finished-at="2018-12-14T07:48:48Z">
      <class name="DD2.DummyTestC">
        <test-method status="FAIL" signature="DTestC1()[pri:3, instance:DD2.DummyTestC@cb644e]" name="DTestC1" duration-ms="1" started-at="2018-12-14T13:18:48Z" finished-at="2018-12-14T13:18:48Z">
          <exception class="java.lang.NullPointerException">
            <full-stacktrace>
              <![CDATA[java.lang.NullPointerException
	at DD1.DummyTestBase1.takeScreenshot(DummyTestBase1.java:135)
	at DD2.DummyTestC.DTestC1(DummyTestC.java:44)
	at sun.reflect.NativeMethodAccessorImpl.invoke0(Native Method)
	at sun.reflect.NativeMethodAccessorImpl.invoke(Unknown Source)
	at sun.reflect.DelegatingMethodAccessorImpl.invoke(Unknown Source)
	at java.lang.reflect.Method.invoke(Unknown Source)
	at org.testng.internal.MethodInvocationHelper.invokeMethod(MethodInvocationHelper.java:85)
	at org.testng.internal.Invoker.invokeMethod(Invoker.java:639)
	at org.testng.internal.Invoker.invokeTestMethod(Invoker.java:816)
	at org.testng.internal.Invoker.invokeTestMethods(Invoker.java:1124)
	at org.testng.internal.TestMethodWorker.invokeTestMethods(TestMethodWorker.java:125)
	at org.testng.internal.TestMethodWorker.run(TestMethodWorker.java:108)
	at org.testng.TestRunner.privateRun(TestRunner.java:774)
	at org.testng.TestRunner.run(TestRunner.java:624)
	at org.testng.SuiteRunner.runTest(SuiteRunner.java:359)
	at org.testng.SuiteRunner.runSequentially(SuiteRunner.java:354)
	at org.testng.SuiteRunner.privateRun(SuiteRunner.java:312)
	at org.testng.SuiteRunner.run(SuiteRunner.java:261)
	at org.testng.SuiteRunnerWorker.runSuite(SuiteRunnerWorker.java:52)
	at org.testng.SuiteRunnerWorker.run(SuiteRunnerWorker.java:86)
	at org.testng.TestNG.runSuitesSequentially(TestNG.java:1215)
	at org.testng.TestNG.runSuitesLocally(TestNG.java:1140)
	at org.testng.TestNG.run(TestNG.java:1048)
	at org.testng.remote.AbstractRemoteTestNG.run(AbstractRemoteTestNG.java:114)
	at org.testng.remote.RemoteTestNG.initAndRun(RemoteTestNG.java:251)
	at org.testng.remote.RemoteTestNG.main(RemoteTestNG.java:77)
]]>
            </full-stacktrace>
          </exception> <!-- java.lang.NullPointerException -->
          <reporter-output>
          </reporter-output>
        </test-method> <!-- DTestC1 -->
      </class> <!-- DD2.DummyTestC -->
      <class name="DD2.DummyTestB">
        <test-method status="PASS" signature="Setup()[pri:0, instance:DD2.DummyTestB@5cb9f472]" name="Setup" is-config="true" duration-ms="158" started-at="2018-12-14T13:18:06Z" finished-at="2018-12-14T13:18:06Z">
          <reporter-output>
          </reporter-output>
        </test-method> <!-- Setup -->
        <test-method status="PASS" signature="DTestB1(java.lang.String)[pri:1, instance:DD2.DummyTestB@5cb9f472]" name="DTestB1" duration-ms="19755" started-at="2018-12-14T13:18:06Z" data-provider="ddd" finished-at="2018-12-14T13:18:26Z">
          <params>
            <param index="0">
              <value>
                <![CDATA[Careers]]>
              </value>
            </param>
          </params>
          <reporter-output>
          </reporter-output>
        </test-method> <!-- DTestB1 -->
        <test-method status="PASS" signature="DTestB1(java.lang.String)[pri:1, instance:DD2.DummyTestB@5cb9f472]" name="DTestB1" duration-ms="20272" started-at="2018-12-14T13:18:26Z" data-provider="ddd" finished-at="2018-12-14T13:18:46Z">
          <params>
            <param index="0">
              <value>
                <![CDATA[C]]>
              </value>
            </param>
          </params>
          <reporter-output>
          </reporter-output>
        </test-method> <!-- DTestB1 -->
        <test-method status="PASS" signature="DTestB2()[pri:2, instance:DD2.DummyTestB@5cb9f472]" name="DTestB2" duration-ms="1790" started-at="2018-12-14T13:18:46Z" finished-at="2018-12-14T13:18:48Z">
          <reporter-output>
          </reporter-output>
        </test-method> <!-- DTestB2 -->
      </class> <!-- DD2.DummyTestB -->
    </test> <!-- Test -->
  </suite> <!-- Suite -->
</testng-results>
