<?xml version="1.0" encoding="UTF-8"?>
<testng-results skipped="0" failed="0" total="2" passed="2">
  <reporter-output>
  </reporter-output>
  <suite name="Default suite" duration-ms="50298" started-at="2019-01-04T06:37:08Z" finished-at="2019-01-04T06:37:58Z">
    <groups>
    </groups>
    <test name="Default test" duration-ms="50298" started-at="2019-01-04T06:37:08Z" finished-at="2019-01-04T06:37:58Z">
      <class name="DD2.DummyTestB">
        <test-method status="PASS" signature="Setup()[pri:0, instance:DD2.DummyTestB@5649fd9b]" name="Setup" is-config="true" duration-ms="168" started-at="2019-01-04T12:07:08Z" finished-at="2019-01-04T12:07:08Z">
          <reporter-output>
          </reporter-output>
        </test-method> <!-- Setup -->
        <test-method status="PASS" signature="DTestB1(java.lang.String)[pri:1, instance:DD2.DummyTestB@5649fd9b]" name="DTestB1" duration-ms="30454" started-at="2019-01-04T12:07:08Z" data-provider="ddd" finished-at="2019-01-04T12:07:38Z">
          <params>
            <param index="0">
              <value>
                <![CDATA[Careers]]>
              </value>
            </param>
          </params>
          <reporter-output>
          </reporter-output>
        </test-method> <!-- DTestB1 -->
        <test-method status="PASS" signature="DTestB2()[pri:0, instance:DD2.DummyTestB@5649fd9b]" name="DTestB2" is-config="true" duration-ms="1863" started-at="2019-01-04T12:07:38Z" finished-at="2019-01-04T12:07:40Z">
          <reporter-output>
          </reporter-output>
        </test-method> <!-- DTestB2 -->
        <test-method status="PASS" signature="DTestB1(java.lang.String)[pri:1, instance:DD2.DummyTestB@5649fd9b]" name="DTestB1" duration-ms="17884" started-at="2019-01-04T12:07:40Z" data-provider="ddd" finished-at="2019-01-04T12:07:58Z">
          <params>
            <param index="0">
              <value>
                <![CDATA[C]]>
              </value>
            </param>
          </params>
          <reporter-output>
          </reporter-output>
        </test-method> <!-- DTestB1 -->
        <test-method status="PASS" signature="DTestB2()[pri:0, instance:DD2.DummyTestB@5649fd9b]" name="DTestB2" is-config="true" duration-ms="83" started-at="2019-01-04T12:07:58Z" finished-at="2019-01-04T12:07:58Z">
          <reporter-output>
          </reporter-output>
        </test-method> <!-- DTestB2 -->
      </class> <!-- DD2.DummyTestB -->
    </test> <!-- Default test -->
  </suite> <!-- Default suite -->
</testng-results>
